<?xml version="1.0" encoding="UTF-8"?>
<!-- Generated by org.testng.reporters.JUnitReportReporter -->
<testsuite hostname="Lenovo-PC" failures="0" tests="1" name="SeleniumBrushUp.TestNgBasic" time="0.014" errors="0" timestamp="04 Apr 2019 16:57:24 GMT" skipped="0">
  <testcase classname="SeleniumBrushUp.TestNgBasic" name="verifygooglepage" time="0.014"/>
</testsuite> <!-- SeleniumBrushUp.TestNgBasic -->
